This is XeTeX, Version 3.14159265-2.6-0.99998 (TeX Live 2017/W32TeX) (preloaded format=xelatex 2017.9.9)  25 JAN 2018 21:48
entering extended mode
 restricted \write18 enabled.
 %&-line parsing enabled.
**./helloworld.tex
(./helloworld.tex
LaTeX2e <2017-04-15>
Babel <3.10> and hyphenation patterns for 84 language(s) loaded.
(e:/texlive/afterinstall/2017/texmf-dist/tex/latex/base/article.cls
Document Class: article 2014/09/29 v1.4h Standard LaTeX document class
(e:/texlive/afterinstall/2017/texmf-dist/tex/latex/base/size10.clo
File: size10.clo 2014/09/29 v1.4h Standard LaTeX file (size option)
)
\c@part=\count79
\c@section=\count80
\c@subsection=\count81
\c@subsubsection=\count82
\c@paragraph=\count83
\c@subparagraph=\count84
\c@figure=\count85
\c@table=\count86
\abovecaptionskip=\skip41
\belowcaptionskip=\skip42
\bibindent=\dimen102
)
(e:/texlive/afterinstall/2017/texmf-dist/tex/generic/ulem/ulem.sty
\UL@box=\box26
\UL@hyphenbox=\box27
\UL@skip=\skip43
\UL@hook=\toks14
\UL@height=\dimen103
\UL@pe=\count87
\UL@pixel=\dimen104
\ULC@box=\box28
Package: ulem 2012/05/18
\ULdepth=\dimen105
)
(./helloworld.aux)
\openout1 = `helloworld.aux'.

LaTeX Font Info:    Checking defaults for OML/cmm/m/it on input line 3.
LaTeX Font Info:    ... okay on input line 3.
LaTeX Font Info:    Checking defaults for T1/cmr/m/n on input line 3.
LaTeX Font Info:    ... okay on input line 3.
LaTeX Font Info:    Checking defaults for OT1/cmr/m/n on input line 3.
LaTeX Font Info:    ... okay on input line 3.
LaTeX Font Info:    Checking defaults for OMS/cmsy/m/n on input line 3.
LaTeX Font Info:    ... okay on input line 3.
LaTeX Font Info:    Checking defaults for TU/lmr/m/n on input line 3.
LaTeX Font Info:    ... okay on input line 3.
LaTeX Font Info:    Checking defaults for OMX/cmex/m/n on input line 3.
LaTeX Font Info:    ... okay on input line 3.
LaTeX Font Info:    Checking defaults for U/cmr/m/n on input line 3.
LaTeX Font Info:    ... okay on input line 3.
LaTeX Font Info:    External font `cmex10' loaded for size
(Font)              <7> on input line 9.
LaTeX Font Info:    External font `cmex10' loaded for size
(Font)              <5> on input line 9.
 [1

] (./helloworld.aux) ) 
Here is how much of TeX's memory you used:
 289 strings out of 493005
 3136 string characters out of 6132497
 62634 words of memory out of 5000000
 4339 multiletter control sequences out of 15000+600000
 3762 words of font info for 17 fonts, out of 8000000 for 9000
 1348 hyphenation exceptions out of 8191
 22i,4n,17p,137b,107s stack positions out of 5000i,500n,10000p,200000b,80000s

Output written on helloworld.pdf (1 page).
